[LOG] System::create                           : Header version = 2.00.08. Current version = 2.00.08.
[LOG] Manager::init                            : maxchannels = 256 studioflags = 00000006 flags 00000000 extradriverdata 0000000000000000.
[LOG] SystemI::init                            : Initialize version=20008 (108014), maxchannels=256, flags=0x00020000
[LOG] SystemI::setOutputInternal               : Setting output to 'FMOD WASAPI Output'
[LOG] OutputWASAPI::init                       : Mix Format (WAVEFORMATEX): wFormatTag=0xFFFE, nChannels=2, nSamplesPerSec=48000, nAvgBytesPerSec=384000, nBlockAlign=8, wBitsPerSample=32, cbSize=22.
[LOG] OutputWASAPI::init                       : Mix Format (WAVEFORMATEXTENSIBLE): wValidBitsPerSample=32, dwChannelMask=0x00000003, SubFormat=00000003-0000-0010-8000-00AA00389B71.
[LOG] OutputWASAPI::init                       : Output buffer size: 4096 samples, latency: 0.00ms, period: 10.00ms, DSP buffer: 1024 * 4
[LOG] Thread::initThread                       : Init FMOD stream thread. Priority: 2, Stack Size: 98304, Semaphore: No, Sleep Time: 10, Looping: Yes.
[LOG] Thread::initThread                       : Init FMOD mixer thread. Priority: 3, Stack Size: 81920, Semaphore: No, Sleep Time: 0, Looping: Yes.
[LOG] AsyncManager::init                       : manager 00000243D02D9788 isAsync 0 updatePeriod 0.02
[LOG] AsyncManager::init                       : done
[LOG] PlaybackSystem::init                     : 
[LOG] Thread::initThread                       : Init FMOD Studio sample load thread. Priority: 0, Stack Size: 98304, Semaphore: No, Sleep Time: 1, Looping: No.
[LOG] PlaybackSystem::init                     : done
[LOG] Thread::initThread                       : Init FMOD Studio bank load thread. Priority: 0, Stack Size: 98304, Semaphore: No, Sleep Time: 1, Looping: No.
[LOG] Manager::init                            : done.
[LOG] Manager::readBank                        : fileversion = 125, compatVersion = 119 (oldest = 44, newest = 125)
[LOG] Manager::receiveLiveUpdateBank           : Received live update bank path: fmod:///remote/C:/Users/Happy Code 11/AppData/Local/FMOD Studio/UnsavedProjects/Hotswap-HuclQo/hotswap_123.bank
[LOG] ProfileRemoteFile::fileOpen              : Attemping to open remote file 'C:/Users/Happy Code 11/AppData/Local/FMOD Studio/UnsavedProjects/Hotswap-HuclQo/hotswap_123.bank'
[LOG] Manager::readBank                        : fileversion = 125, compatVersion = 119 (oldest = 44, newest = 125)
[LOG] Manager::receiveLiveUpdateBank           : Received live update bank path: fmod:///remote/C:/Users/Happy Code 11/AppData/Local/FMOD Studio/UnsavedProjects/Hotswap-HuclQo/hotswap_124.bank
[LOG] ProfileRemoteFile::fileOpen              : Attemping to open remote file 'C:/Users/Happy Code 11/AppData/Local/FMOD Studio/UnsavedProjects/Hotswap-HuclQo/hotswap_124.bank'
[LOG] Manager::readBank                        : fileversion = 125, compatVersion = 119 (oldest = 44, newest = 125)
[LOG] Manager::receiveLiveUpdateBank           : Received live update bank path: fmod:///remote/C:/Users/Happy Code 11/AppData/Local/FMOD Studio/UnsavedProjects/Hotswap-HuclQo/hotswap_125.bank
[LOG] ProfileRemoteFile::fileOpen              : Attemping to open remote file 'C:/Users/Happy Code 11/AppData/Local/FMOD Studio/UnsavedProjects/Hotswap-HuclQo/hotswap_125.bank'
[LOG] Manager::readBank                        : fileversion = 125, compatVersion = 119 (oldest = 44, newest = 125)
[LOG] Manager::receiveLiveUpdateBank           : Received live update bank path: fmod:///remote/C:/Users/Happy Code 11/AppData/Local/FMOD Studio/UnsavedProjects/Hotswap-HuclQo/hotswap_126.bank
[LOG] ProfileRemoteFile::fileOpen              : Attemping to open remote file 'C:/Users/Happy Code 11/AppData/Local/FMOD Studio/UnsavedProjects/Hotswap-HuclQo/hotswap_126.bank'
[LOG] Manager::readBank                        : fileversion = 125, compatVersion = 119 (oldest = 44, newest = 125)
[LOG] Manager::receiveLiveUpdateBank           : Received live update bank path: fmod:///remote/C:/Users/Happy Code 11/AppData/Local/FMOD Studio/UnsavedProjects/Hotswap-HuclQo/hotswap_127.bank
[LOG] ProfileRemoteFile::fileOpen              : Attemping to open remote file 'C:/Users/Happy Code 11/AppData/Local/FMOD Studio/UnsavedProjects/Hotswap-HuclQo/hotswap_127.bank'
[LOG] Manager::readBank                        : fileversion = 125, compatVersion = 119 (oldest = 44, newest = 125)
[LOG] Manager::receiveLiveUpdateBank           : Received live update bank path: fmod:///remote/C:/Users/Happy Code 11/AppData/Local/FMOD Studio/UnsavedProjects/Hotswap-HuclQo/hotswap_128.bank
[LOG] ProfileRemoteFile::fileOpen              : Attemping to open remote file 'C:/Users/Happy Code 11/AppData/Local/FMOD Studio/UnsavedProjects/Hotswap-HuclQo/hotswap_128.bank'
[LOG] Manager::readBank                        : fileversion = 125, compatVersion = 119 (oldest = 44, newest = 125)
[LOG] Manager::receiveLiveUpdateBank           : Received live update bank path: fmod:///remote/C:/Users/Happy Code 11/AppData/Local/FMOD Studio/UnsavedProjects/Hotswap-HuclQo/hotswap_129.bank
[LOG] ProfileRemoteFile::fileOpen              : Attemping to open remote file 'C:/Users/Happy Code 11/AppData/Local/FMOD Studio/UnsavedProjects/Hotswap-HuclQo/hotswap_129.bank'
[LOG] Manager::readBank                        : fileversion = 125, compatVersion = 119 (oldest = 44, newest = 125)
[LOG] Manager::receiveLiveUpdateBank           : Received live update bank path: fmod:///remote/C:/Users/Happy Code 11/AppData/Local/FMOD Studio/UnsavedProjects/Hotswap-HuclQo/hotswap_130.bank
[LOG] ProfileRemoteFile::fileOpen              : Attemping to open remote file 'C:/Users/Happy Code 11/AppData/Local/FMOD Studio/UnsavedProjects/Hotswap-HuclQo/hotswap_130.bank'
[LOG] Manager::readBank                        : fileversion = 125, compatVersion = 119 (oldest = 44, newest = 125)
[LOG] Manager::receiveLiveUpdateBank           : Received live update bank path: fmod:///remote/C:/Users/Happy Code 11/AppData/Local/FMOD Studio/UnsavedProjects/Hotswap-HuclQo/hotswap_131.bank
[LOG] ProfileRemoteFile::fileOpen              : Attemping to open remote file 'C:/Users/Happy Code 11/AppData/Local/FMOD Studio/UnsavedProjects/Hotswap-HuclQo/hotswap_131.bank'
[LOG] Manager::readBank                        : fileversion = 125, compatVersion = 119 (oldest = 44, newest = 125)
[LOG] Manager::receiveLiveUpdateBank           : Received live update bank path: fmod:///remote/C:/Users/Happy Code 11/AppData/Local/FMOD Studio/UnsavedProjects/Hotswap-HuclQo/hotswap_132.bank
[LOG] ProfileRemoteFile::fileOpen              : Attemping to open remote file 'C:/Users/Happy Code 11/AppData/Local/FMOD Studio/UnsavedProjects/Hotswap-HuclQo/hotswap_132.bank'
[LOG] Manager::readBank                        : fileversion = 125, compatVersion = 119 (oldest = 44, newest = 125)
[LOG] Manager::receiveLiveUpdateBank           : Received live update bank path: fmod:///remote/C:/Users/Happy Code 11/AppData/Local/FMOD Studio/UnsavedProjects/Hotswap-HuclQo/hotswap_133.bank
[LOG] ProfileRemoteFile::fileOpen              : Attemping to open remote file 'C:/Users/Happy Code 11/AppData/Local/FMOD Studio/UnsavedProjects/Hotswap-HuclQo/hotswap_133.bank'
[LOG] Manager::readBank                        : fileversion = 125, compatVersion = 119 (oldest = 44, newest = 125)
[LOG] Manager::receiveLiveUpdateBank           : Received live update bank path: fmod:///remote/C:/Users/Happy Code 11/AppData/Local/FMOD Studio/UnsavedProjects/Hotswap-HuclQo/hotswap_134.bank
[LOG] ProfileRemoteFile::fileOpen              : Attemping to open remote file 'C:/Users/Happy Code 11/AppData/Local/FMOD Studio/UnsavedProjects/Hotswap-HuclQo/hotswap_134.bank'
[LOG] Manager::readBank                        : fileversion = 125, compatVersion = 119 (oldest = 44, newest = 125)
[LOG] Manager::receiveLiveUpdateBank           : Received live update bank path: fmod:///remote/C:/Users/Happy Code 11/AppData/Local/FMOD Studio/UnsavedProjects/Hotswap-HuclQo/hotswap_135.bank
[LOG] ProfileRemoteFile::fileOpen              : Attemping to open remote file 'C:/Users/Happy Code 11/AppData/Local/FMOD Studio/UnsavedProjects/Hotswap-HuclQo/hotswap_135.bank'
[LOG] Manager::readBank                        : fileversion = 125, compatVersion = 119 (oldest = 44, newest = 125)
[LOG] Manager::receiveLiveUpdateBank           : Received live update bank path: fmod:///remote/C:/Users/Happy Code 11/AppData/Local/FMOD Studio/UnsavedProjects/Hotswap-HuclQo/hotswap_136.bank
[LOG] ProfileRemoteFile::fileOpen              : Attemping to open remote file 'C:/Users/Happy Code 11/AppData/Local/FMOD Studio/UnsavedProjects/Hotswap-HuclQo/hotswap_136.bank'
[LOG] Manager::readBank                        : fileversion = 125, compatVersion = 119 (oldest = 44, newest = 125)
[LOG] Manager::receiveLiveUpdateBank           : Received live update bank path: fmod:///remote/C:/Users/Happy Code 11/AppData/Local/FMOD Studio/UnsavedProjects/Hotswap-HuclQo/hotswap_137.bank
[LOG] ProfileRemoteFile::fileOpen              : Attemping to open remote file 'C:/Users/Happy Code 11/AppData/Local/FMOD Studio/UnsavedProjects/Hotswap-HuclQo/hotswap_137.bank'
[LOG] Manager::readBank                        : fileversion = 125, compatVersion = 119 (oldest = 44, newest = 125)
[LOG] Manager::receiveLiveUpdateBank           : Received live update bank path: fmod:///remote/C:/Users/Happy Code 11/AppData/Local/FMOD Studio/UnsavedProjects/Hotswap-HuclQo/hotswap_138.bank
[LOG] ProfileRemoteFile::fileOpen              : Attemping to open remote file 'C:/Users/Happy Code 11/AppData/Local/FMOD Studio/UnsavedProjects/Hotswap-HuclQo/hotswap_138.bank'
[LOG] Manager::readBank                        : fileversion = 125, compatVersion = 119 (oldest = 44, newest = 125)
[LOG] Manager::receiveLiveUpdateBank           : Received live update bank path: fmod:///remote/C:/Users/Happy Code 11/AppData/Local/FMOD Studio/UnsavedProjects/Hotswap-HuclQo/hotswap_139.bank
[LOG] ProfileRemoteFile::fileOpen              : Attemping to open remote file 'C:/Users/Happy Code 11/AppData/Local/FMOD Studio/UnsavedProjects/Hotswap-HuclQo/hotswap_139.bank'
[LOG] Manager::readBank                        : fileversion = 125, compatVersion = 119 (oldest = 44, newest = 125)
[LOG] Manager::receiveLiveUpdateBank           : Received live update bank path: fmod:///remote/C:/Users/Happy Code 11/AppData/Local/FMOD Studio/UnsavedProjects/Hotswap-HuclQo/hotswap_140.bank
[LOG] ProfileRemoteFile::fileOpen              : Attemping to open remote file 'C:/Users/Happy Code 11/AppData/Local/FMOD Studio/UnsavedProjects/Hotswap-HuclQo/hotswap_140.bank'
[LOG] Manager::readBank                        : fileversion = 125, compatVersion = 119 (oldest = 44, newest = 125)
[LOG] Manager::receiveLiveUpdateBank           : Received live update bank path: fmod:///remote/C:/Users/Happy Code 11/AppData/Local/FMOD Studio/UnsavedProjects/Hotswap-HuclQo/hotswap_141.bank
[LOG] ProfileRemoteFile::fileOpen              : Attemping to open remote file 'C:/Users/Happy Code 11/AppData/Local/FMOD Studio/UnsavedProjects/Hotswap-HuclQo/hotswap_141.bank'
[LOG] Manager::readBank                        : fileversion = 125, compatVersion = 119 (oldest = 44, newest = 125)
[LOG] Manager::readBank                        : fileversion = 125, compatVersion = 119 (oldest = 44, newest = 125)
[LOG] Manager::readBank                        : fileversion = 125, compatVersion = 119 (oldest = 44, newest = 125)
[LOG] SoundI::release                          : Naosei02 (00000243F1663228)
[LOG] SoundI::release                          :     Naosei02 (00000243D083C938)
[LOG] SoundI::release                          :     Naosei02 (00000243F1663588)
[LOG] Thread::callback                         : FMOD Studio update thread finished.
[LOG] Thread::callback                         : FMOD Studio bank load thread finished.
[LOG] ProfileClient::markForDead               : Closing client connection
[LOG] Profile::disconnectAll                   : Profiler disconnecting all clients
[LOG] FMOD_OS_Net_Read                         : Interrupted.[LOG] Thread::callback                         : FMOD profiler thread (send) finished.
[LOG] ProfileClient::recvThreadLoopFunction    : Socket disconnected
[LOG] Thread::callback                         : FMOD profiler thread (recv) finished.
[LOG] Thread::callback                         : FMOD Studio sample load thread finished.
[LOG] LiveUpdate::release                      : 
[LOG] LiveUpdate::reset                        : Reset connection (reason Disconnected)
[LOG] Thread::callback                         : FMOD stream thread finished.
[LOG] Thread::callback                         : FMOD mixer thread finished.
[LOG] Profile::disconnectAll                   : Profiler disconnecting all clients
[LOG] SystemI::close                           : Closed.
[LOG] Manager::readBank                        : fileversion = 125, compatVersion = 119 (oldest = 44, newest = 125)
[LOG] Manager::readBank                        : fileversion = 125, compatVersion = 119 (oldest = 44, newest = 125)
[LOG] Manager::readBank                        : fileversion = 125, compatVersion = 119 (oldest = 44, newest = 125)
[LOG] PlaybackSystem::acquireMasterBus         : Setting master channel group format to 6
[LOG] Manager::readBank                        : fileversion = 125, compatVersion = 119 (oldest = 44, newest = 125)
[LOG] Manager::readBank                        : fileversion = 125, compatVersion = 119 (oldest = 44, newest = 125)
